<?xml version="1.0" encoding="UTF-8"?>
<!-- Generated by org.testng.reporters.JUnitReportReporter -->
<testsuite hostname="GOWRISANKAR" failures="0" tests="6" name="com.runner.runnerTestNG" time="67.664" errors="0" timestamp="2025-04-07T21:06:48 IST" skipped="0">
  <testcase classname="com.runner.runnerTestNG" name="runScenario" time="7.873"/>
  <testcase classname="com.runner.runnerTestNG" name="runScenario" time="12.445"/>
  <testcase classname="com.runner.runnerTestNG" name="runScenario" time="13.904"/>
  <testcase classname="com.runner.runnerTestNG" name="runScenario" time="8.483"/>
  <testcase classname="com.runner.runnerTestNG" name="runScenario" time="9.117"/>
  <testcase classname="com.runner.runnerTestNG" name="runScenario" time="15.842"/>
</testsuite> <!-- com.runner.runnerTestNG -->
